{"C:\\Users\\Maxime\\Desktop\\41f-Filmflix\\Backend\\serveur.js": {"path":"C:\\Users\\Maxime\\Desktop\\41f-Filmflix\\Backend\\serveur.js","statementMap":{"0":{"start":{"line":2,"column":16},"end":{"line":2,"column":34}},"1":{"start":{"line":3,"column":15},"end":{"line":3,"column":32}},"2":{"start":{"line":4,"column":13},"end":{"line":4,"column":28}},"3":{"start":{"line":5,"column":11},"end":{"line":5,"column":33}},"4":{"start":{"line":6,"column":13},"end":{"line":6,"column":28}},"5":{"start":{"line":7,"column":12},"end":{"line":7,"column":35}},"6":{"start":{"line":8,"column":36},"end":{"line":8,"column":64}},"7":{"start":{"line":9,"column":15},"end":{"line":9,"column":32}},"8":{"start":{"line":12,"column":14},"end":{"line":12,"column":30}},"9":{"start":{"line":13,"column":12},"end":{"line":13,"column":39}},"10":{"start":{"line":15,"column":0},"end":{"line":15,"column":27}},"11":{"start":{"line":16,"column":0},"end":{"line":16,"column":19}},"12":{"start":{"line":18,"column":0},"end":{"line":18,"column":18}},"13":{"start":{"line":20,"column":16},"end":{"line":20,"column":25}},"14":{"start":{"line":21,"column":0},"end":{"line":21,"column":16}},"15":{"start":{"line":23,"column":0},"end":{"line":23,"column":20}},"16":{"start":{"line":24,"column":0},"end":{"line":24,"column":28}},"17":{"start":{"line":25,"column":0},"end":{"line":25,"column":52}},"18":{"start":{"line":28,"column":22},"end":{"line":28,"column":52}},"19":{"start":{"line":29,"column":0},"end":{"line":29,"column":43}},"20":{"start":{"line":33,"column":4},"end":{"line":33,"column":45}},"21":{"start":{"line":34,"column":4},"end":{"line":34,"column":11}},"22":{"start":{"line":41,"column":0},"end":{"line":85,"column":2}},"23":{"start":{"line":48,"column":8},"end":{"line":83,"column":9}},"24":{"start":{"line":49,"column":37},"end":{"line":49,"column":58}},"25":{"start":{"line":50,"column":12},"end":{"line":54,"column":13}},"26":{"start":{"line":51,"column":16},"end":{"line":51,"column":46}},"27":{"start":{"line":53,"column":16},"end":{"line":53,"column":74}},"28":{"start":{"line":55,"column":12},"end":{"line":55,"column":36}},"29":{"start":{"line":61,"column":85},"end":{"line":61,"column":94}},"30":{"start":{"line":63,"column":26},"end":{"line":63,"column":28}},"31":{"start":{"line":64,"column":28},"end":{"line":69,"column":22}},"32":{"start":{"line":71,"column":12},"end":{"line":74,"column":15}},"33":{"start":{"line":72,"column":29},"end":{"line":72,"column":58}},"34":{"start":{"line":73,"column":16},"end":{"line":73,"column":33}},"35":{"start":{"line":76,"column":12},"end":{"line":78,"column":13}},"36":{"start":{"line":77,"column":16},"end":{"line":77,"column":74}},"37":{"start":{"line":80,"column":12},"end":{"line":80,"column":47}},"38":{"start":{"line":82,"column":12},"end":{"line":82,"column":76}},"39":{"start":{"line":87,"column":0},"end":{"line":103,"column":3}},"40":{"start":{"line":88,"column":26},"end":{"line":88,"column":36}},"41":{"start":{"line":89,"column":18},"end":{"line":89,"column":20}},"42":{"start":{"line":90,"column":4},"end":{"line":90,"column":27}},"43":{"start":{"line":92,"column":20},"end":{"line":92,"column":99}},"44":{"start":{"line":94,"column":4},"end":{"line":97,"column":7}},"45":{"start":{"line":95,"column":21},"end":{"line":95,"column":50}},"46":{"start":{"line":96,"column":8},"end":{"line":96,"column":25}},"47":{"start":{"line":99,"column":4},"end":{"line":101,"column":5}},"48":{"start":{"line":100,"column":8},"end":{"line":100,"column":66}},"49":{"start":{"line":102,"column":4},"end":{"line":102,"column":39}},"50":{"start":{"line":105,"column":0},"end":{"line":127,"column":3}},"51":{"start":{"line":106,"column":26},"end":{"line":106,"column":36}},"52":{"start":{"line":108,"column":4},"end":{"line":108,"column":41}},"53":{"start":{"line":109,"column":4},"end":{"line":111,"column":7}},"54":{"start":{"line":110,"column":8},"end":{"line":110,"column":73}},"55":{"start":{"line":112,"column":4},"end":{"line":112,"column":40}},"56":{"start":{"line":114,"column":18},"end":{"line":114,"column":20}},"57":{"start":{"line":116,"column":20},"end":{"line":116,"column":117}},"58":{"start":{"line":118,"column":4},"end":{"line":121,"column":7}},"59":{"start":{"line":119,"column":21},"end":{"line":119,"column":50}},"60":{"start":{"line":120,"column":8},"end":{"line":120,"column":25}},"61":{"start":{"line":123,"column":4},"end":{"line":125,"column":5}},"62":{"start":{"line":124,"column":8},"end":{"line":124,"column":66}},"63":{"start":{"line":126,"column":4},"end":{"line":126,"column":39}},"64":{"start":{"line":129,"column":0},"end":{"line":148,"column":2}},"65":{"start":{"line":142,"column":23},"end":{"line":142,"column":33}},"66":{"start":{"line":143,"column":23},"end":{"line":143,"column":65}},"67":{"start":{"line":144,"column":21},"end":{"line":144,"column":56}},"68":{"start":{"line":146,"column":8},"end":{"line":146,"column":30}},"69":{"start":{"line":149,"column":0},"end":{"line":199,"column":3}},"70":{"start":{"line":150,"column":4},"end":{"line":198,"column":5}},"71":{"start":{"line":151,"column":55},"end":{"line":151,"column":64}},"72":{"start":{"line":152,"column":24},"end":{"line":152,"column":34}},"73":{"start":{"line":153,"column":8},"end":{"line":153,"column":33}},"74":{"start":{"line":155,"column":8},"end":{"line":157,"column":11}},"75":{"start":{"line":156,"column":12},"end":{"line":156,"column":63}},"76":{"start":{"line":159,"column":8},"end":{"line":159,"column":32}},"77":{"start":{"line":161,"column":22},"end":{"line":161,"column":24}},"78":{"start":{"line":163,"column":24},"end":{"line":163,"column":99}},"79":{"start":{"line":165,"column":8},"end":{"line":168,"column":11}},"80":{"start":{"line":166,"column":25},"end":{"line":166,"column":60}},"81":{"start":{"line":167,"column":12},"end":{"line":167,"column":29}},"82":{"start":{"line":170,"column":8},"end":{"line":186,"column":11}},"83":{"start":{"line":172,"column":30},"end":{"line":172,"column":46}},"84":{"start":{"line":173,"column":12},"end":{"line":185,"column":13}},"85":{"start":{"line":174,"column":16},"end":{"line":178,"column":17}},"86":{"start":{"line":175,"column":20},"end":{"line":175,"column":47}},"87":{"start":{"line":177,"column":20},"end":{"line":177,"column":47}},"88":{"start":{"line":180,"column":16},"end":{"line":184,"column":17}},"89":{"start":{"line":181,"column":20},"end":{"line":181,"column":60}},"90":{"start":{"line":183,"column":20},"end":{"line":183,"column":60}},"91":{"start":{"line":188,"column":8},"end":{"line":190,"column":9}},"92":{"start":{"line":189,"column":12},"end":{"line":189,"column":93}},"93":{"start":{"line":192,"column":8},"end":{"line":192,"column":43}},"94":{"start":{"line":194,"column":8},"end":{"line":197,"column":11}},"95":{"start":{"line":201,"column":0},"end":{"line":231,"column":2}},"96":{"start":{"line":209,"column":8},"end":{"line":229,"column":9}},"97":{"start":{"line":210,"column":37},"end":{"line":210,"column":58}},"98":{"start":{"line":211,"column":12},"end":{"line":215,"column":13}},"99":{"start":{"line":212,"column":16},"end":{"line":212,"column":46}},"100":{"start":{"line":214,"column":16},"end":{"line":214,"column":92}},"101":{"start":{"line":217,"column":29},"end":{"line":217,"column":32}},"102":{"start":{"line":220,"column":28},"end":{"line":220,"column":35}},"103":{"start":{"line":222,"column":12},"end":{"line":222,"column":54}},"104":{"start":{"line":224,"column":12},"end":{"line":224,"column":51}},"105":{"start":{"line":226,"column":12},"end":{"line":226,"column":73}},"106":{"start":{"line":228,"column":12},"end":{"line":228,"column":76}},"107":{"start":{"line":233,"column":0},"end":{"line":249,"column":3}},"108":{"start":{"line":234,"column":4},"end":{"line":248,"column":5}},"109":{"start":{"line":235,"column":22},"end":{"line":235,"column":51}},"110":{"start":{"line":239,"column":8},"end":{"line":241,"column":11}},"111":{"start":{"line":240,"column":12},"end":{"line":240,"column":51}},"112":{"start":{"line":243,"column":8},"end":{"line":243,"column":76}},"113":{"start":{"line":245,"column":8},"end":{"line":245,"column":28}},"114":{"start":{"line":247,"column":8},"end":{"line":247,"column":72}},"115":{"start":{"line":251,"column":0},"end":{"line":257,"column":3}},"116":{"start":{"line":252,"column":19},"end":{"line":252,"column":29}},"117":{"start":{"line":253,"column":21},"end":{"line":253,"column":24}},"118":{"start":{"line":255,"column":4},"end":{"line":255,"column":54}},"119":{"start":{"line":256,"column":4},"end":{"line":256,"column":78}},"120":{"start":{"line":262,"column":0},"end":{"line":267,"column":3}},"121":{"start":{"line":263,"column":19},"end":{"line":263,"column":29}},"122":{"start":{"line":265,"column":4},"end":{"line":265,"column":50}},"123":{"start":{"line":266,"column":4},"end":{"line":266,"column":67}},"124":{"start":{"line":269,"column":0},"end":{"line":308,"column":2}},"125":{"start":{"line":283,"column":34},"end":{"line":283,"column":55}},"126":{"start":{"line":285,"column":8},"end":{"line":287,"column":9}},"127":{"start":{"line":286,"column":12},"end":{"line":286,"column":70}},"128":{"start":{"line":290,"column":34},"end":{"line":290,"column":42}},"129":{"start":{"line":293,"column":25},"end":{"line":293,"column":100}},"130":{"start":{"line":295,"column":8},"end":{"line":297,"column":9}},"131":{"start":{"line":296,"column":12},"end":{"line":296,"column":73}},"132":{"start":{"line":300,"column":21},"end":{"line":300,"column":47}},"133":{"start":{"line":301,"column":28},"end":{"line":301,"column":54}},"134":{"start":{"line":304,"column":8},"end":{"line":304,"column":61}},"135":{"start":{"line":306,"column":8},"end":{"line":306,"column":74}},"136":{"start":{"line":310,"column":0},"end":{"line":341,"column":3}},"137":{"start":{"line":314,"column":30},"end":{"line":314,"column":38}},"138":{"start":{"line":318,"column":21},"end":{"line":318,"column":96}},"139":{"start":{"line":320,"column":4},"end":{"line":322,"column":5}},"140":{"start":{"line":321,"column":8},"end":{"line":321,"column":65}},"141":{"start":{"line":324,"column":24},"end":{"line":324,"column":47}},"142":{"start":{"line":326,"column":30},"end":{"line":326,"column":72}},"143":{"start":{"line":328,"column":4},"end":{"line":340,"column":5}},"144":{"start":{"line":330,"column":8},"end":{"line":330,"column":31}},"145":{"start":{"line":331,"column":24},"end":{"line":333,"column":9}},"146":{"start":{"line":335,"column":22},"end":{"line":335,"column":76}},"147":{"start":{"line":337,"column":8},"end":{"line":337,"column":76}},"148":{"start":{"line":339,"column":8},"end":{"line":339,"column":70}},"149":{"start":{"line":344,"column":0},"end":{"line":347,"column":3}},"150":{"start":{"line":345,"column":4},"end":{"line":345,"column":25}},"151":{"start":{"line":346,"column":4},"end":{"line":346,"column":66}},"152":{"start":{"line":349,"column":0},"end":{"line":349,"column":25}}},"fnMap":{"0":{"name":"authentifier","decl":{"start":{"line":32,"column":9},"end":{"line":32,"column":21}},"loc":{"start":{"line":32,"column":38},"end":{"line":35,"column":1}},"line":32},"1":{"name":"(anonymous_1)","decl":{"start":{"line":47,"column":4},"end":{"line":47,"column":5}},"loc":{"start":{"line":47,"column":24},"end":{"line":84,"column":5}},"line":47},"2":{"name":"(anonymous_2)","decl":{"start":{"line":71,"column":28},"end":{"line":71,"column":29}},"loc":{"start":{"line":71,"column":37},"end":{"line":74,"column":13}},"line":71},"3":{"name":"(anonymous_3)","decl":{"start":{"line":87,"column":44},"end":{"line":87,"column":45}},"loc":{"start":{"line":87,"column":64},"end":{"line":103,"column":1}},"line":87},"4":{"name":"(anonymous_4)","decl":{"start":{"line":94,"column":20},"end":{"line":94,"column":21}},"loc":{"start":{"line":94,"column":29},"end":{"line":97,"column":5}},"line":94},"5":{"name":"(anonymous_5)","decl":{"start":{"line":105,"column":47},"end":{"line":105,"column":48}},"loc":{"start":{"line":105,"column":67},"end":{"line":127,"column":1}},"line":105},"6":{"name":"(anonymous_6)","decl":{"start":{"line":109,"column":24},"end":{"line":109,"column":25}},"loc":{"start":{"line":109,"column":44},"end":{"line":111,"column":5}},"line":109},"7":{"name":"(anonymous_7)","decl":{"start":{"line":118,"column":20},"end":{"line":118,"column":21}},"loc":{"start":{"line":118,"column":29},"end":{"line":121,"column":5}},"line":118},"8":{"name":"(anonymous_8)","decl":{"start":{"line":140,"column":4},"end":{"line":140,"column":5}},"loc":{"start":{"line":140,"column":24},"end":{"line":147,"column":5}},"line":140},"9":{"name":"(anonymous_9)","decl":{"start":{"line":149,"column":36},"end":{"line":149,"column":37}},"loc":{"start":{"line":149,"column":56},"end":{"line":199,"column":1}},"line":149},"10":{"name":"(anonymous_10)","decl":{"start":{"line":155,"column":22},"end":{"line":155,"column":23}},"loc":{"start":{"line":155,"column":45},"end":{"line":157,"column":9}},"line":155},"11":{"name":"(anonymous_11)","decl":{"start":{"line":165,"column":24},"end":{"line":165,"column":25}},"loc":{"start":{"line":165,"column":36},"end":{"line":168,"column":9}},"line":165},"12":{"name":"(anonymous_12)","decl":{"start":{"line":170,"column":19},"end":{"line":170,"column":20}},"loc":{"start":{"line":170,"column":29},"end":{"line":186,"column":9}},"line":170},"13":{"name":"(anonymous_13)","decl":{"start":{"line":208,"column":4},"end":{"line":208,"column":5}},"loc":{"start":{"line":208,"column":24},"end":{"line":230,"column":5}},"line":208},"14":{"name":"(anonymous_14)","decl":{"start":{"line":233,"column":35},"end":{"line":233,"column":36}},"loc":{"start":{"line":233,"column":49},"end":{"line":249,"column":1}},"line":233},"15":{"name":"(anonymous_15)","decl":{"start":{"line":239,"column":22},"end":{"line":239,"column":23}},"loc":{"start":{"line":239,"column":38},"end":{"line":241,"column":9}},"line":239},"16":{"name":"(anonymous_16)","decl":{"start":{"line":251,"column":26},"end":{"line":251,"column":27}},"loc":{"start":{"line":251,"column":46},"end":{"line":257,"column":1}},"line":251},"17":{"name":"(anonymous_17)","decl":{"start":{"line":262,"column":29},"end":{"line":262,"column":30}},"loc":{"start":{"line":262,"column":49},"end":{"line":267,"column":1}},"line":262},"18":{"name":"(anonymous_18)","decl":{"start":{"line":279,"column":4},"end":{"line":279,"column":5}},"loc":{"start":{"line":279,"column":24},"end":{"line":307,"column":5}},"line":279},"19":{"name":"(anonymous_19)","decl":{"start":{"line":310,"column":40},"end":{"line":310,"column":41}},"loc":{"start":{"line":310,"column":60},"end":{"line":341,"column":1}},"line":310},"20":{"name":"(anonymous_20)","decl":{"start":{"line":344,"column":12},"end":{"line":344,"column":13}},"loc":{"start":{"line":344,"column":26},"end":{"line":347,"column":1}},"line":344}},"branchMap":{"0":{"loc":{"start":{"line":50,"column":12},"end":{"line":54,"column":13}},"type":"if","locations":[{"start":{"line":50,"column":12},"end":{"line":54,"column":13}},{"start":{},"end":{}}],"line":50},"1":{"loc":{"start":{"line":61,"column":20},"end":{"line":61,"column":35}},"type":"default-arg","locations":[{"start":{"line":61,"column":28},"end":{"line":61,"column":35}}],"line":61},"2":{"loc":{"start":{"line":61,"column":37},"end":{"line":61,"column":54}},"type":"default-arg","locations":[{"start":{"line":61,"column":49},"end":{"line":61,"column":54}}],"line":61},"3":{"loc":{"start":{"line":61,"column":56},"end":{"line":61,"column":68}},"type":"default-arg","locations":[{"start":{"line":61,"column":65},"end":{"line":61,"column":68}}],"line":61},"4":{"loc":{"start":{"line":61,"column":70},"end":{"line":61,"column":80}},"type":"default-arg","locations":[{"start":{"line":61,"column":79},"end":{"line":61,"column":80}}],"line":61},"5":{"loc":{"start":{"line":76,"column":12},"end":{"line":78,"column":13}},"type":"if","locations":[{"start":{"line":76,"column":12},"end":{"line":78,"column":13}},{"start":{},"end":{}}],"line":76},"6":{"loc":{"start":{"line":99,"column":4},"end":{"line":101,"column":5}},"type":"if","locations":[{"start":{"line":99,"column":4},"end":{"line":101,"column":5}},{"start":{},"end":{}}],"line":99},"7":{"loc":{"start":{"line":123,"column":4},"end":{"line":125,"column":5}},"type":"if","locations":[{"start":{"line":123,"column":4},"end":{"line":125,"column":5}},{"start":{},"end":{}}],"line":123},"8":{"loc":{"start":{"line":151,"column":16},"end":{"line":151,"column":31}},"type":"default-arg","locations":[{"start":{"line":151,"column":24},"end":{"line":151,"column":31}}],"line":151},"9":{"loc":{"start":{"line":151,"column":33},"end":{"line":151,"column":50}},"type":"default-arg","locations":[{"start":{"line":151,"column":45},"end":{"line":151,"column":50}}],"line":151},"10":{"loc":{"start":{"line":173,"column":12},"end":{"line":185,"column":13}},"type":"if","locations":[{"start":{"line":173,"column":12},"end":{"line":185,"column":13}},{"start":{"line":179,"column":19},"end":{"line":185,"column":13}}],"line":173},"11":{"loc":{"start":{"line":174,"column":16},"end":{"line":178,"column":17}},"type":"if","locations":[{"start":{"line":174,"column":16},"end":{"line":178,"column":17}},{"start":{"line":176,"column":23},"end":{"line":178,"column":17}}],"line":174},"12":{"loc":{"start":{"line":180,"column":16},"end":{"line":184,"column":17}},"type":"if","locations":[{"start":{"line":180,"column":16},"end":{"line":184,"column":17}},{"start":{"line":182,"column":23},"end":{"line":184,"column":17}}],"line":180},"13":{"loc":{"start":{"line":188,"column":8},"end":{"line":190,"column":9}},"type":"if","locations":[{"start":{"line":188,"column":8},"end":{"line":190,"column":9}},{"start":{},"end":{}}],"line":188},"14":{"loc":{"start":{"line":211,"column":12},"end":{"line":215,"column":13}},"type":"if","locations":[{"start":{"line":211,"column":12},"end":{"line":215,"column":13}},{"start":{},"end":{}}],"line":211},"15":{"loc":{"start":{"line":285,"column":8},"end":{"line":287,"column":9}},"type":"if","locations":[{"start":{"line":285,"column":8},"end":{"line":287,"column":9}},{"start":{},"end":{}}],"line":285},"16":{"loc":{"start":{"line":295,"column":8},"end":{"line":297,"column":9}},"type":"if","locations":[{"start":{"line":295,"column":8},"end":{"line":297,"column":9}},{"start":{},"end":{}}],"line":295},"17":{"loc":{"start":{"line":320,"column":4},"end":{"line":322,"column":5}},"type":"if","locations":[{"start":{"line":320,"column":4},"end":{"line":322,"column":5}},{"start":{},"end":{}}],"line":320},"18":{"loc":{"start":{"line":328,"column":4},"end":{"line":340,"column":5}},"type":"if","locations":[{"start":{"line":328,"column":4},"end":{"line":340,"column":5}},{"start":{"line":338,"column":11},"end":{"line":340,"column":5}}],"line":328}},"s":{"0":1,"1":1,"2":1,"3":1,"4":1,"5":1,"6":1,"7":1,"8":1,"9":1,"10":1,"11":1,"12":1,"13":1,"14":1,"15":1,"16":1,"17":1,"18":1,"19":1,"20":0,"21":0,"22":1,"23":1,"24":1,"25":1,"26":0,"27":0,"28":1,"29":1,"30":1,"31":1,"32":1,"33":18,"34":18,"35":1,"36":0,"37":1,"38":0,"39":1,"40":0,"41":0,"42":0,"43":0,"44":0,"45":0,"46":0,"47":0,"48":0,"49":0,"50":1,"51":0,"52":0,"53":0,"54":0,"55":0,"56":0,"57":0,"58":0,"59":0,"60":0,"61":0,"62":0,"63":0,"64":1,"65":0,"66":0,"67":0,"68":0,"69":1,"70":0,"71":0,"72":0,"73":0,"74":0,"75":0,"76":0,"77":0,"78":0,"79":0,"80":0,"81":0,"82":0,"83":0,"84":0,"85":0,"86":0,"87":0,"88":0,"89":0,"90":0,"91":0,"92":0,"93":0,"94":0,"95":1,"96":0,"97":0,"98":0,"99":0,"100":0,"101":0,"102":0,"103":0,"104":0,"105":0,"106":0,"107":1,"108":0,"109":0,"110":0,"111":0,"112":0,"113":0,"114":0,"115":1,"116":0,"117":0,"118":0,"119":0,"120":1,"121":0,"122":0,"123":0,"124":1,"125":0,"126":0,"127":0,"128":0,"129":0,"130":0,"131":0,"132":0,"133":0,"134":0,"135":0,"136":1,"137":0,"138":0,"139":0,"140":0,"141":0,"142":0,"143":0,"144":0,"145":0,"146":0,"147":0,"148":0,"149":1,"150":0,"151":0,"152":1},"f":{"0":0,"1":1,"2":18,"3":0,"4":0,"5":0,"6":0,"7":0,"8":0,"9":0,"10":0,"11":0,"12":0,"13":0,"14":0,"15":0,"16":0,"17":0,"18":0,"19":0,"20":0},"b":{"0":[0,1],"1":[1],"2":[1],"3":[1],"4":[1],"5":[0,1],"6":[0,0],"7":[0,0],"8":[0],"9":[0],"10":[0,0],"11":[0,0],"12":[0,0],"13":[0,0],"14":[0,0],"15":[0,0],"16":[0,0],"17":[0,0],"18":[0,0]},"_coverageSchema":"1a1c01bbd47fc00a2c39e90264f33305004495a9","hash":"ba47d0f89873abeaeb179cf08e381f86be40bea1"}
,"C:\\Users\\Maxime\\Desktop\\41f-Filmflix\\Backend\\config\\db.js": {"path":"C:\\Users\\Maxime\\Desktop\\41f-Filmflix\\Backend\\config\\db.js","statementMap":{"0":{"start":{"line":1,"column":14},"end":{"line":1,"column":39}},"1":{"start":{"line":2,"column":25},"end":{"line":2,"column":60}},"2":{"start":{"line":4,"column":17},"end":{"line":4,"column":45}},"3":{"start":{"line":6,"column":0},"end":{"line":8,"column":3}},"4":{"start":{"line":10,"column":11},"end":{"line":10,"column":25}},"5":{"start":{"line":12,"column":0},"end":{"line":12,"column":20}}},"fnMap":{},"branchMap":{},"s":{"0":1,"1":1,"2":1,"3":1,"4":1,"5":1},"f":{},"b":{},"_coverageSchema":"1a1c01bbd47fc00a2c39e90264f33305004495a9","hash":"6e2b4b2a713cede1fa8d877d892854641edb4af4"}
}
