TN:
SF:serveur.js
FN:32,authentifier
FN:47,(anonymous_1)
FN:71,(anonymous_2)
FN:87,(anonymous_3)
FN:94,(anonymous_4)
FN:105,(anonymous_5)
FN:109,(anonymous_6)
FN:118,(anonymous_7)
FN:140,(anonymous_8)
FN:149,(anonymous_9)
FN:155,(anonymous_10)
FN:165,(anonymous_11)
FN:170,(anonymous_12)
FN:208,(anonymous_13)
FN:233,(anonymous_14)
FN:239,(anonymous_15)
FN:251,(anonymous_16)
FN:262,(anonymous_17)
FN:279,(anonymous_18)
FN:310,(anonymous_19)
FN:344,(anonymous_20)
FNF:21
FNH:2
FNDA:0,authentifier
FNDA:1,(anonymous_1)
FNDA:18,(anonymous_2)
FNDA:0,(anonymous_3)
FNDA:0,(anonymous_4)
FNDA:0,(anonymous_5)
FNDA:0,(anonymous_6)
FNDA:0,(anonymous_7)
FNDA:0,(anonymous_8)
FNDA:0,(anonymous_9)
FNDA:0,(anonymous_10)
FNDA:0,(anonymous_11)
FNDA:0,(anonymous_12)
FNDA:0,(anonymous_13)
FNDA:0,(anonymous_14)
FNDA:0,(anonymous_15)
FNDA:0,(anonymous_16)
FNDA:0,(anonymous_17)
FNDA:0,(anonymous_18)
FNDA:0,(anonymous_19)
FNDA:0,(anonymous_20)
DA:2,1
DA:3,1
DA:4,1
DA:5,1
DA:6,1
DA:7,1
DA:8,1
DA:9,1
DA:12,1
DA:13,1
DA:15,1
DA:16,1
DA:18,1
DA:20,1
DA:21,1
DA:23,1
DA:24,1
DA:25,1
DA:28,1
DA:29,1
DA:33,0
DA:34,0
DA:41,1
DA:48,1
DA:49,1
DA:50,1
DA:51,0
DA:53,0
DA:55,1
DA:61,1
DA:63,1
DA:64,1
DA:71,1
DA:72,18
DA:73,18
DA:76,1
DA:77,0
DA:80,1
DA:82,0
DA:87,1
DA:88,0
DA:89,0
DA:90,0
DA:92,0
DA:94,0
DA:95,0
DA:96,0
DA:99,0
DA:100,0
DA:102,0
DA:105,1
DA:106,0
DA:108,0
DA:109,0
DA:110,0
DA:112,0
DA:114,0
DA:116,0
DA:118,0
DA:119,0
DA:120,0
DA:123,0
DA:124,0
DA:126,0
DA:129,1
DA:142,0
DA:143,0
DA:144,0
DA:146,0
DA:149,1
DA:150,0
DA:151,0
DA:152,0
DA:153,0
DA:155,0
DA:156,0
DA:159,0
DA:161,0
DA:163,0
DA:165,0
DA:166,0
DA:167,0
DA:170,0
DA:172,0
DA:173,0
DA:174,0
DA:175,0
DA:177,0
DA:180,0
DA:181,0
DA:183,0
DA:188,0
DA:189,0
DA:192,0
DA:194,0
DA:201,1
DA:209,0
DA:210,0
DA:211,0
DA:212,0
DA:214,0
DA:217,0
DA:220,0
DA:222,0
DA:224,0
DA:226,0
DA:228,0
DA:233,1
DA:234,0
DA:235,0
DA:239,0
DA:240,0
DA:243,0
DA:245,0
DA:247,0
DA:251,1
DA:252,0
DA:253,0
DA:255,0
DA:256,0
DA:262,1
DA:263,0
DA:265,0
DA:266,0
DA:269,1
DA:283,0
DA:285,0
DA:286,0
DA:290,0
DA:293,0
DA:295,0
DA:296,0
DA:300,0
DA:301,0
DA:304,0
DA:306,0
DA:310,1
DA:314,0
DA:318,0
DA:320,0
DA:321,0
DA:324,0
DA:326,0
DA:328,0
DA:330,0
DA:331,0
DA:335,0
DA:337,0
DA:339,0
DA:344,1
DA:345,0
DA:346,0
DA:349,1
LF:153
LH:45
BRDA:50,0,0,0
BRDA:50,0,1,1
BRDA:61,1,0,1
BRDA:61,2,0,1
BRDA:61,3,0,1
BRDA:61,4,0,1
BRDA:76,5,0,0
BRDA:76,5,1,1
BRDA:99,6,0,0
BRDA:99,6,1,0
BRDA:123,7,0,0
BRDA:123,7,1,0
BRDA:151,8,0,0
BRDA:151,9,0,0
BRDA:173,10,0,0
BRDA:173,10,1,0
BRDA:174,11,0,0
BRDA:174,11,1,0
BRDA:180,12,0,0
BRDA:180,12,1,0
BRDA:188,13,0,0
BRDA:188,13,1,0
BRDA:211,14,0,0
BRDA:211,14,1,0
BRDA:285,15,0,0
BRDA:285,15,1,0
BRDA:295,16,0,0
BRDA:295,16,1,0
BRDA:320,17,0,0
BRDA:320,17,1,0
BRDA:328,18,0,0
BRDA:328,18,1,0
BRF:32
BRH:6
end_of_record
TN:
SF:config\db.js
FNF:0
FNH:0
DA:1,1
DA:2,1
DA:4,1
DA:6,1
DA:10,1
DA:12,1
LF:6
LH:6
BRF:0
BRH:0
end_of_record
